<?xml version="1.0" encoding="UTF-8"?>
<!-- Generated by org.testng.reporters.JUnitReportReporter -->
<testsuite hostname="ATMECSINDT-088" failures="0" tests="1" name="com.atmecs.newtour.testscript.Login" time="10.889" errors="0" timestamp="30 Aug 2019 11:25:58 GMT" skipped="0">
  <testcase classname="com.atmecs.newtour.testscript.Login" name="login" time="10.889"/>
</testsuite> <!-- com.atmecs.newtour.testscript.Login -->
