<?xml version="1.0" encoding="UTF-8"?>
<!-- Generated by org.testng.reporters.JUnitReportReporter -->
<testsuite hostname="ATMECSINDT-088" failures="0" tests="1" name="com.atmecs.newtour.login.Login" time="68.123" errors="0" timestamp="29 Aug 2019 15:16:09 GMT" skipped="0">
  <testcase classname="com.atmecs.newtour.login.Login" name="login" time="68.123"/>
</testsuite> <!-- com.atmecs.newtour.login.Login -->
