<?xml version="1.0" encoding="UTF-8"?>
<!-- Generated by org.testng.reporters.JUnitReportReporter -->
<testsuite hostname="ATMECSINDT-088" failures="0" tests="1" name="com.atmecs.newtour.login.Login" time="74.967" errors="0" timestamp="30 Aug 2019 08:49:34 GMT" skipped="0">
  <testcase classname="com.atmecs.newtour.login.Login" name="login" time="74.967"/>
</testsuite> <!-- com.atmecs.newtour.login.Login -->
