<?xml version="1.0" encoding="UTF-8"?>
<!-- Generated by org.testng.reporters.JUnitReportReporter -->
<testsuite hostname="ATMECSINDT-088" failures="0" tests="2" name="com.atmecs.newtour.test.Booking" time="50.834" errors="0" timestamp="30 Aug 2019 09:39:52 GMT" skipped="0">
  <testcase classname="com.atmecs.newtour.test.Booking" name="login" time="45.999"/>
  <testcase classname="com.atmecs.newtour.test.Booking" name="register" time="4.835"/>
</testsuite> <!-- com.atmecs.newtour.test.Booking -->
