<?xml version="1.0" encoding="UTF-8"?>
<!-- Generated by org.testng.reporters.JUnitReportReporter -->
<testsuite hostname="ATMECSINDT-088" failures="0" tests="1" name="com.atmecs.newtour.test.Login" time="47.054" errors="0" timestamp="30 Aug 2019 09:20:28 GMT" skipped="0">
  <testcase classname="com.atmecs.newtour.test.Login" name="login" time="47.054"/>
</testsuite> <!-- com.atmecs.newtour.test.Login -->
